<?xml version="1.0" encoding="UTF-8"?>
<!-- Generated by org.testng.reporters.JUnitXMLReporter -->
<testsuite hostname="baijingjiaotekiMacBook-Air.local" name="Default test" tests="4" failures="2" timestamp="21 May 2015 11:44:13 GMT" time="1.054" errors="0">
  <testcase name="addAccount" time="0.918" classname="beansRef.Demo">
    <failure type="com.mongodb.MongoException$DuplicateKey" message="{ &amp;quot;serverUsed&amp;quot; : &amp;quot;127.0.0.1:27017&amp;quot; , &amp;quot;ok&amp;quot; : 1 , &amp;quot;n&amp;quot; : 0 , &amp;quot;err&amp;quot; : &amp;quot;E11000 duplicate key error index: test.AccountBean.$account_1 dup key: { : \&amp;quot;account-first\&amp;quot; }&amp;quot; , &amp;quot;code&amp;quot; : 11000}">
      <![CDATA[com.mongodb.MongoException$DuplicateKey: { "serverUsed" : "127.0.0.1:27017" , "ok" : 1 , "n" : 0 , "err" : "E11000 duplicate key error index: test.AccountBean.$account_1 dup key: { : \"account-first\" }" , "code" : 11000}
	at com.mongodb.CommandResult.getWriteException(CommandResult.java:88)
	at com.mongodb.CommandResult.getException(CommandResult.java:79)
	at com.mongodb.DBCollectionImpl.translateBulkWriteException(DBCollectionImpl.java:316)
	at com.mongodb.DBCollectionImpl.insert(DBCollectionImpl.java:191)
	at com.mongodb.DBCollectionImpl.insert(DBCollectionImpl.java:167)
	at com.mongodb.DBCollection.insert(DBCollection.java:161)
	at com.mongodb.DBCollection.insert(DBCollection.java:107)
	at com.mongodb.DBCollection.save(DBCollection.java:1049)
	at org.mongodb.morphia.DatastoreImpl.save(DatastoreImpl.java:1027)
	at org.mongodb.morphia.DatastoreImpl.save(DatastoreImpl.java:1096)
	at org.mongodb.morphia.DatastoreImpl.save(DatastoreImpl.java:1079)
	at beansRef.AccountBean.writer(AccountBean.java:61)
	at beansRef.Demo.addAccount(Demo.java:31)
	at sun.reflect.NativeMethodAccessorImpl.invoke0(Native Method)
	at sun.reflect.NativeMethodAccessorImpl.invoke(NativeMethodAccessorImpl.java:62)
	at sun.reflect.DelegatingMethodAccessorImpl.invoke(DelegatingMethodAccessorImpl.java:43)
	at java.lang.reflect.Method.invoke(Method.java:483)
	at org.testng.internal.MethodInvocationHelper.invokeMethod(MethodInvocationHelper.java:84)
	at org.testng.internal.Invoker.invokeMethod(Invoker.java:714)
	at org.testng.internal.Invoker.invokeTestMethod(Invoker.java:901)
	at org.testng.internal.Invoker.invokeTestMethods(Invoker.java:1231)
	at org.testng.internal.TestMethodWorker.invokeTestMethods(TestMethodWorker.java:127)
	at org.testng.internal.TestMethodWorker.run(TestMethodWorker.java:111)
	at org.testng.TestRunner.privateRun(TestRunner.java:767)
	at org.testng.TestRunner.run(TestRunner.java:617)
	at org.testng.SuiteRunner.runTest(SuiteRunner.java:334)
	at org.testng.SuiteRunner.runSequentially(SuiteRunner.java:329)
	at org.testng.SuiteRunner.privateRun(SuiteRunner.java:291)
	at org.testng.SuiteRunner.run(SuiteRunner.java:240)
	at org.testng.SuiteRunnerWorker.runSuite(SuiteRunnerWorker.java:52)
	at org.testng.SuiteRunnerWorker.run(SuiteRunnerWorker.java:86)
	at org.testng.TestNG.runSuitesSequentially(TestNG.java:1224)
	at org.testng.TestNG.runSuitesLocally(TestNG.java:1149)
	at org.testng.TestNG.run(TestNG.java:1057)
	at org.testng.remote.RemoteTestNG.run(RemoteTestNG.java:111)
	at org.testng.remote.RemoteTestNG.initAndRun(RemoteTestNG.java:204)
	at org.testng.remote.RemoteTestNG.main(RemoteTestNG.java:175)
]]>
    </failure>
  </testcase> <!-- addAccount -->
  <testcase name="addOrg" time="0.081" classname="beansRef.Demo">
    <failure type="org.mongodb.morphia.mapping.validation.ConstraintViolationException" message="Number of violations: 1 
NoId complained about beansRef.OrgBean. : No field is annotated with @Id; but it is required">
      <![CDATA[org.mongodb.morphia.mapping.validation.ConstraintViolationException: Number of violations: 1 
NoId complained about beansRef.OrgBean. : No field is annotated with @Id; but it is required
	at org.mongodb.morphia.mapping.validation.MappingValidator.validate(MappingValidator.java:65)
	at org.mongodb.morphia.mapping.validation.MappingValidator.validate(MappingValidator.java:175)
	at org.mongodb.morphia.mapping.MappedClass.validate(MappedClass.java:355)
	at org.mongodb.morphia.mapping.Mapper.addMappedClass(Mapper.java:173)
	at org.mongodb.morphia.mapping.Mapper.addMappedClass(Mapper.java:161)
	at org.mongodb.morphia.Morphia.map(Morphia.java:67)
	at beansRef.OrgBean.writer(OrgBean.java:51)
	at beansRef.Demo.addOrg(Demo.java:15)
	at sun.reflect.NativeMethodAccessorImpl.invoke0(Native Method)
	at sun.reflect.NativeMethodAccessorImpl.invoke(NativeMethodAccessorImpl.java:62)
	at sun.reflect.DelegatingMethodAccessorImpl.invoke(DelegatingMethodAccessorImpl.java:43)
	at java.lang.reflect.Method.invoke(Method.java:483)
	at org.testng.internal.MethodInvocationHelper.invokeMethod(MethodInvocationHelper.java:84)
	at org.testng.internal.Invoker.invokeMethod(Invoker.java:714)
	at org.testng.internal.Invoker.invokeTestMethod(Invoker.java:901)
	at org.testng.internal.Invoker.invokeTestMethods(Invoker.java:1231)
	at org.testng.internal.TestMethodWorker.invokeTestMethods(TestMethodWorker.java:127)
	at org.testng.internal.TestMethodWorker.run(TestMethodWorker.java:111)
	at org.testng.TestRunner.privateRun(TestRunner.java:767)
	at org.testng.TestRunner.run(TestRunner.java:617)
	at org.testng.SuiteRunner.runTest(SuiteRunner.java:334)
	at org.testng.SuiteRunner.runSequentially(SuiteRunner.java:329)
	at org.testng.SuiteRunner.privateRun(SuiteRunner.java:291)
	at org.testng.SuiteRunner.run(SuiteRunner.java:240)
	at org.testng.SuiteRunnerWorker.runSuite(SuiteRunnerWorker.java:52)
	at org.testng.SuiteRunnerWorker.run(SuiteRunnerWorker.java:86)
	at org.testng.TestNG.runSuitesSequentially(TestNG.java:1224)
	at org.testng.TestNG.runSuitesLocally(TestNG.java:1149)
	at org.testng.TestNG.run(TestNG.java:1057)
	at org.testng.remote.RemoteTestNG.run(RemoteTestNG.java:111)
	at org.testng.remote.RemoteTestNG.initAndRun(RemoteTestNG.java:204)
	at org.testng.remote.RemoteTestNG.main(RemoteTestNG.java:175)
]]>
    </failure>
  </testcase> <!-- addOrg -->
  <testcase name="readAccount" time="0.018" classname="beansRef.Demo"/>
  <testcase name="readOrg" time="0.001" classname="beansRef.Demo"/>
</testsuite> <!-- Default test -->
