<?xml version="1.0" encoding="UTF-8"?>
<testng-results skipped="0" failed="0" total="2" passed="2">
  <reporter-output>
  </reporter-output>
  <suite name="testng-test" duration-ms="49" started-at="2015-06-01T07:20:56Z" finished-at="2015-06-01T07:20:56Z">
    <groups>
    </groups>
    <test name="testname" duration-ms="49" started-at="2015-06-01T07:20:56Z" finished-at="2015-06-01T07:20:56Z">
      <class name="testnglistener.tests.Test2">
        <test-method status="PASS" signature="verify_for_Test2()[pri:0, instance:testnglistener.tests.Test2@ae45eb6]" name="verify_for_Test2" duration-ms="1" started-at="2015-06-01T15:20:56Z" finished-at="2015-06-01T15:20:56Z">
          <reporter-output>
          </reporter-output>
        </test-method> <!-- verify_for_Test2 -->
      </class> <!-- testnglistener.tests.Test2 -->
      <class name="testnglistener.tests.Test1">
        <test-method status="PASS" signature="verify_for_Test1()[pri:0, instance:testnglistener.tests.Test1@2b98378d]" name="verify_for_Test1" duration-ms="26" started-at="2015-06-01T15:20:56Z" finished-at="2015-06-01T15:20:56Z">
          <reporter-output>
          </reporter-output>
        </test-method> <!-- verify_for_Test1 -->
      </class> <!-- testnglistener.tests.Test1 -->
    </test> <!-- testname -->
  </suite> <!-- testng-test -->
</testng-results>
